<?xml version="1.0" encoding="UTF-8"?>
<!-- Generated by org.testng.reporters.JUnitReportReporter -->
<testsuite hostname="igate-pc" failures="0" tests="2" name="paraller.TestCase1" time="2.734" errors="0" timestamp="2024-03-30T15:59:04 IST" skipped="0">
  <testcase classname="paraller.TestCase1" name="loginTest" time="1.350"/>
  <system-out/>
  <testcase classname="paraller.TestCase1" name="loginTest" time="1.384"/>
  <system-out/>
</testsuite> <!-- paraller.TestCase1 -->
