<?xml version="1.0" encoding="UTF-8"?>
<!-- Generated by org.testng.reporters.JUnitReportReporter -->
<testsuite hostname="igate-pc" failures="0" tests="1" name="com.igate.TestCase1" time="1.959" errors="0" timestamp="2024-04-02T16:19:39 IST" skipped="0">
  <testcase classname="com.igate.TestCase1" name="login" time="1.959"/>
  <system-out/>
</testsuite> <!-- com.igate.TestCase1 -->
