<?xml version="1.0" encoding="UTF-8"?>
<!-- Generated by org.testng.reporters.JUnitReportReporter -->
<testsuite hostname="igate-pc" failures="0" tests="2" name="testcases.TC_01_Register" time="2.144" errors="0" timestamp="2024-04-12T16:17:51 IST" skipped="0">
  <testcase classname="testcases.TC_01_Register" name="register" time="0.647"/>
  <system-out/>
  <testcase classname="testcases.TC_01_Register" name="registerDataentry" time="1.497"/>
  <system-out/>
</testsuite> <!-- testcases.TC_01_Register -->
