<?xml version="1.0" encoding="UTF-8"?>
<!-- Generated by org.testng.reporters.JUnitReportReporter -->
<testsuite hostname="igate-pc" failures="0" tests="1" name="testcases.TC_02_Login" time="0.592" errors="0" timestamp="2024-04-05T15:23:33 IST" skipped="0">
  <testcase classname="testcases.TC_02_Login" name="login" time="0.592"/>
  <system-out/>
</testsuite> <!-- testcases.TC_02_Login -->
