<?xml version="1.0" encoding="UTF-8"?>
<!-- Generated by org.testng.reporters.JUnitReportReporter -->
<testsuite hostname="igate-pc" failures="0" tests="4" name="testcases.TC_02_Login_DataDriven" time="8.472" errors="0" timestamp="2024-04-25T16:24:10 IST" skipped="0">
  <testcase classname="testcases.TC_02_Login_DataDriven" name="login_data_entry" time="2.509"/>
  <system-out/>
  <testcase classname="testcases.TC_02_Login_DataDriven" name="login_data_entry" time="1.744"/>
  <system-out/>
  <testcase classname="testcases.TC_02_Login_DataDriven" name="login_data_entry" time="1.786"/>
  <system-out/>
  <testcase classname="testcases.TC_02_Login_DataDriven" name="login_data_entry" time="2.433"/>
  <system-out/>
</testsuite> <!-- testcases.TC_02_Login_DataDriven -->
