<?xml version="1.0" encoding="UTF-8"?>
<!-- Generated by org.testng.reporters.JUnitReportReporter -->
<testsuite hostname="igate-pc" failures="0" tests="4" name="testcases.TC_02_Login" time="2.455" errors="0" timestamp="2024-04-25T16:31:00 IST" skipped="0">
  <testcase classname="testcases.TC_02_Login" name="login" time="0.600"/>
  <system-out/>
  <testcase classname="testcases.TC_02_Login" name="login_data_entry" time="0.733"/>
  <system-out/>
  <testcase classname="testcases.TC_02_Login" name="loggingout" time="1.111"/>
  <system-out/>
  <testcase classname="testcases.TC_02_Login" name="logoutToHome" time="0.011"/>
  <system-out/>
</testsuite> <!-- testcases.TC_02_Login -->
