<?xml version="1.0" encoding="UTF-8"?>
<!-- Generated by org.testng.reporters.JUnitReportReporter -->
<testsuite hostname="igate-pc" failures="0" tests="2" name="testcases.TC_01_Register" time="3.429" errors="0" timestamp="2024-04-05T16:21:44 IST" skipped="0">
  <testcase classname="testcases.TC_01_Register" name="register" time="0.664"/>
  <system-out/>
  <testcase classname="testcases.TC_01_Register" name="registerDataentry" time="2.765"/>
  <system-out/>
</testsuite> <!-- testcases.TC_01_Register -->
